<?xml version="1.0" encoding="UTF-8"?>
<!-- Generated by org.testng.reporters.JUnitReportReporter -->
<testsuite skipped="3" hostname="LAPTOP-79BVRKRR" name="com.class01.TitleLogoAndLoginVerification" tests="4" failures="0" timestamp="2020-01-17T12:48:36 CST" time="15.616" errors="1">
  <testcase name="logoValidation" time="0.000" classname="com.class01.TitleLogoAndLoginVerification">
    <skipped/>
  </testcase> <!-- logoValidation -->
  <testcase name="validLogin" time="0.000" classname="com.class01.TitleLogoAndLoginVerification">
    <skipped/>
  </testcase> <!-- validLogin -->
  <testcase name="titleValidation" time="0.000" classname="com.class01.TitleLogoAndLoginVerification">
    <skipped/>
  </testcase> <!-- titleValidation -->
  <testcase name="openAndNavigate" time="15.616" classname="com.class01.TitleLogoAndLoginVerification">
    <error type="org.openqa.selenium.SessionNotCreatedException" message="session not created
from chrome not reachable
  (Session info: chrome=79.0.3945.117)
Build info: version: &#039;3.141.59&#039;, revision: &#039;e82be7d358&#039;, time: &#039;2018-11-14T08:25:48&#039;
System info: host: &#039;LAPTOP-79BVRKRR&#039;, ip: &#039;10.0.0.209&#039;, os.name: &#039;Windows 10&#039;, os.arch: &#039;amd64&#039;, os.version: &#039;10.0&#039;, java.version: &#039;1.8.0_231&#039;
Driver info: driver.version: ChromeDriver
remote stacktrace: Backtrace:
	Ordinal0 [0x006DA113+1548563]
	Ordinal0 [0x0065DDA1+1039777]
	Ordinal0 [0x005DE32E+516910]
	Ordinal0 [0x005D8012+491538]
	Ordinal0 [0x005D86EB+493291]
	Ordinal0 [0x005D9855+497749]
	Ordinal0 [0x005D5885+481413]
	Ordinal0 [0x005DF0D0+520400]
	Ordinal0 [0x0058C030+180272]
	Ordinal0 [0x0058B59D+177565]
	Ordinal0 [0x005895FB+169467]
	Ordinal0 [0x0057160A+71178]
	Ordinal0 [0x00572690+75408]
	Ordinal0 [0x00572629+75305]
	Ordinal0 [0x006771B7+1143223]
	GetHandleVerifier [0x00772B46+507814]
	GetHandleVerifier [0x00772864+507076]
	GetHandleVerifier [0x00779F47+537511]
	GetHandleVerifier [0x00773402+510050]
	Ordinal0 [0x0066F29C+1110684]
	Ordinal0 [0x0067938B+1151883]
	Ordinal0 [0x006794F3+1152243]
	Ordinal0 [0x006783F5+1147893]
	BaseThreadInitThunk [0x76B46359+25]
	RtlGetAppContainerNamedObjectPath [0x77517B74+228]
	RtlGetAppContainerNamedObjectPath [0x77517B44+180]
">
      <![CDATA[org.openqa.selenium.SessionNotCreatedException: session not created
from chrome not reachable
  (Session info: chrome=79.0.3945.117)
Build info: version: '3.141.59', revision: 'e82be7d358', time: '2018-11-14T08:25:48'
System info: host: 'LAPTOP-79BVRKRR', ip: '10.0.0.209', os.name: 'Windows 10', os.arch: 'amd64', os.version: '10.0', java.version: '1.8.0_231'
Driver info: driver.version: ChromeDriver
remote stacktrace: Backtrace:
Ordinal0 [0x006DA113+1548563]
Ordinal0 [0x0065DDA1+1039777]
Ordinal0 [0x005DE32E+516910]
Ordinal0 [0x005D8012+491538]
Ordinal0 [0x005D86EB+493291]
Ordinal0 [0x005D9855+497749]
Ordinal0 [0x005D5885+481413]
Ordinal0 [0x005DF0D0+520400]
Ordinal0 [0x0058C030+180272]
Ordinal0 [0x0058B59D+177565]
Ordinal0 [0x005895FB+169467]
Ordinal0 [0x0057160A+71178]
Ordinal0 [0x00572690+75408]
Ordinal0 [0x00572629+75305]
Ordinal0 [0x006771B7+1143223]
GetHandleVerifier [0x00772B46+507814]
GetHandleVerifier [0x00772864+507076]
GetHandleVerifier [0x00779F47+537511]
GetHandleVerifier [0x00773402+510050]
Ordinal0 [0x0066F29C+1110684]
Ordinal0 [0x0067938B+1151883]
Ordinal0 [0x006794F3+1152243]
Ordinal0 [0x006783F5+1147893]
BaseThreadInitThunk [0x76B46359+25]
RtlGetAppContainerNamedObjectPath [0x77517B74+228]
RtlGetAppContainerNamedObjectPath [0x77517B44+180]

at sun.reflect.NativeConstructorAccessorImpl.newInstance0(Native Method)
at sun.reflect.NativeConstructorAccessorImpl.newInstance(Unknown Source)
at sun.reflect.DelegatingConstructorAccessorImpl.newInstance(Unknown Source)
at java.lang.reflect.Constructor.newInstance(Unknown Source)
at org.openqa.selenium.remote.W3CHandshakeResponse.lambda$errorHandler$0(W3CHandshakeResponse.java:62)
at org.openqa.selenium.remote.HandshakeResponse.lambda$getResponseFunction$0(HandshakeResponse.java:30)
at org.openqa.selenium.remote.ProtocolHandshake.lambda$createSession$0(ProtocolHandshake.java:126)
at java.util.stream.ReferencePipeline$3$1.accept(Unknown Source)
at java.util.Spliterators$ArraySpliterator.tryAdvance(Unknown Source)
at java.util.stream.ReferencePipeline.forEachWithCancel(Unknown Source)
at java.util.stream.AbstractPipeline.copyIntoWithCancel(Unknown Source)
at java.util.stream.AbstractPipeline.copyInto(Unknown Source)
at java.util.stream.AbstractPipeline.wrapAndCopyInto(Unknown Source)
at java.util.stream.FindOps$FindOp.evaluateSequential(Unknown Source)
at java.util.stream.AbstractPipeline.evaluate(Unknown Source)
at java.util.stream.ReferencePipeline.findFirst(Unknown Source)
at org.openqa.selenium.remote.ProtocolHandshake.createSession(ProtocolHandshake.java:128)
at org.openqa.selenium.remote.ProtocolHandshake.createSession(ProtocolHandshake.java:74)
at org.openqa.selenium.remote.HttpCommandExecutor.execute(HttpCommandExecutor.java:136)
at org.openqa.selenium.remote.service.DriverCommandExecutor.execute(DriverCommandExecutor.java:83)
at org.openqa.selenium.remote.RemoteWebDriver.execute(RemoteWebDriver.java:552)
at org.openqa.selenium.remote.RemoteWebDriver.startSession(RemoteWebDriver.java:213)
at org.openqa.selenium.remote.RemoteWebDriver.<init>(RemoteWebDriver.java:131)
at org.openqa.selenium.chrome.ChromeDriver.<init>(ChromeDriver.java:181)
at org.openqa.selenium.chrome.ChromeDriver.<init>(ChromeDriver.java:168)
at org.openqa.selenium.chrome.ChromeDriver.<init>(ChromeDriver.java:123)
at com.utils.CommonMethods.setUp(CommonMethods.java:30)
at com.class01.TitleLogoAndLoginVerification.openAndNavigate(TitleLogoAndLoginVerification.java:15)
at sun.reflect.NativeMethodAccessorImpl.invoke0(Native Method)
at sun.reflect.NativeMethodAccessorImpl.invoke(Unknown Source)
at sun.reflect.DelegatingMethodAccessorImpl.invoke(Unknown Source)
at java.lang.reflect.Method.invoke(Unknown Source)
at org.testng.internal.MethodInvocationHelper.invokeMethod(MethodInvocationHelper.java:133)
at org.testng.internal.MethodInvocationHelper.invokeMethodConsideringTimeout(MethodInvocationHelper.java:62)
at org.testng.internal.ConfigInvoker.invokeConfigurationMethod(ConfigInvoker.java:340)
at org.testng.internal.ConfigInvoker.invokeConfigurations(ConfigInvoker.java:294)
at org.testng.internal.TestInvoker.runConfigMethods(TestInvoker.java:683)
at org.testng.internal.TestInvoker.invokeMethod(TestInvoker.java:510)
at org.testng.internal.TestInvoker.invokeTestMethod(TestInvoker.java:172)
at org.testng.internal.MethodRunner.runInSequence(MethodRunner.java:46)
at org.testng.internal.TestInvoker$MethodInvocationAgent.invoke(TestInvoker.java:804)
at org.testng.internal.TestInvoker.invokeTestMethods(TestInvoker.java:145)
at org.testng.internal.TestMethodWorker.invokeTestMethods(TestMethodWorker.java:146)
at org.testng.internal.TestMethodWorker.run(TestMethodWorker.java:128)
at java.util.ArrayList.forEach(Unknown Source)
at org.testng.TestRunner.privateRun(TestRunner.java:770)
at org.testng.TestRunner.run(TestRunner.java:591)
at org.testng.SuiteRunner.runTest(SuiteRunner.java:402)
at org.testng.SuiteRunner.runSequentially(SuiteRunner.java:396)
at org.testng.SuiteRunner.privateRun(SuiteRunner.java:355)
at org.testng.SuiteRunner.run(SuiteRunner.java:304)
at org.testng.SuiteRunnerWorker.runSuite(SuiteRunnerWorker.java:53)
at org.testng.SuiteRunnerWorker.run(SuiteRunnerWorker.java:96)
at org.testng.TestNG.runSuitesSequentially(TestNG.java:1180)
at org.testng.TestNG.runSuitesLocally(TestNG.java:1102)
at org.testng.TestNG.runSuites(TestNG.java:1032)
at org.testng.TestNG.run(TestNG.java:1000)
at org.testng.remote.AbstractRemoteTestNG.run(AbstractRemoteTestNG.java:115)
at org.testng.remote.RemoteTestNG.initAndRun(RemoteTestNG.java:251)
at org.testng.remote.RemoteTestNG.main(RemoteTestNG.java:77)
]]>
    </error>
  </testcase> <!-- openAndNavigate -->
</testsuite> <!-- com.class01.TitleLogoAndLoginVerification -->
